Mock Version: 1.3.4
Mock Version: 1.3.4
ENTER ['do'](['bash', '--login', '-c', '/usr/bin/rpmbuild -bs --target noarch --nodeps /builddir/build/SPECS/python-dbusmock.spec'], printOutput=Falseenv={'PATH': '/usr/bin:/bin:/usr/sbin:/sbin', 'PROMPT_COMMAND': 'printf "\\033]0;<mock-chroot>\\007"', 'PS1': '<mock-chroot> \\s-\\v\\$ ', 'TERM': 'vt100', 'HOME': '/builddir', 'SHELL': '/bin/bash', 'HOSTNAME': 'mock', 'LANG': 'en_US.UTF-8'}gid=425timeout=172800chrootPath='/var/lib/mock/f25-build-9247723-771795/root'logger=<mockbuild.trace_decorator.getLog object at 0xb5dbf730>shell=Falseuser='mockbuild'uid=1000nspawn_args=[])
Executing command: ['bash', '--login', '-c', '/usr/bin/rpmbuild -bs --target noarch --nodeps /builddir/build/SPECS/python-dbusmock.spec'] with env {'PATH': '/usr/bin:/bin:/usr/sbin:/sbin', 'PROMPT_COMMAND': 'printf "\\033]0;<mock-chroot>\\007"', 'PS1': '<mock-chroot> \\s-\\v\\$ ', 'TERM': 'vt100', 'HOME': '/builddir', 'SHELL': '/bin/bash', 'HOSTNAME': 'mock', 'LANG': 'en_US.UTF-8'} and shell False
Building target platforms: noarch
Building for target noarch
Wrote: /builddir/build/SRPMS/python-dbusmock-0.11.1-5.fc25.src.rpm
Child return code was: 0
ENTER ['do'](['bash', '--login', '-c', '/usr/bin/rpmbuild -bb --target noarch --nodeps /builddir/build/SPECS/python-dbusmock.spec'], printOutput=Falseenv={'PATH': '/usr/bin:/bin:/usr/sbin:/sbin', 'PROMPT_COMMAND': 'printf "\\033]0;<mock-chroot>\\007"', 'PS1': '<mock-chroot> \\s-\\v\\$ ', 'TERM': 'vt100', 'HOME': '/builddir', 'SHELL': '/bin/bash', 'HOSTNAME': 'mock', 'LANG': 'en_US.UTF-8'}gid=425timeout=172800chrootPath='/var/lib/mock/f25-build-9247723-771795/root'logger=<mockbuild.trace_decorator.getLog object at 0xb5dbf730>shell=Falseuser='mockbuild'uid=1000nspawn_args=[])
Executing command: ['bash', '--login', '-c', '/usr/bin/rpmbuild -bb --target noarch --nodeps /builddir/build/SPECS/python-dbusmock.spec'] with env {'PATH': '/usr/bin:/bin:/usr/sbin:/sbin', 'PROMPT_COMMAND': 'printf "\\033]0;<mock-chroot>\\007"', 'PS1': '<mock-chroot> \\s-\\v\\$ ', 'TERM': 'vt100', 'HOME': '/builddir', 'SHELL': '/bin/bash', 'HOSTNAME': 'mock', 'LANG': 'en_US.UTF-8'} and shell False
Building target platforms: noarch
Building for target noarch
Executing(%prep): /bin/sh -e /var/tmp/rpm-tmp.3zbVni
+ umask 022
+ cd /builddir/build/BUILD
+ cd /builddir/build/BUILD
+ rm -rf python-dbusmock-0.11.1
+ /usr/bin/tar -xof -
+ /usr/bin/gzip -dc /builddir/build/SOURCES/python-dbusmock-0.11.1.tar.gz
+ STATUS=0
+ '[' 0 -ne 0 ']'
+ cd python-dbusmock-0.11.1
+ /usr/bin/chmod -Rf a+rX,u+w,g-w,o-w .
Patch #0 (mockobject.patch):
+ echo 'Patch #0 (mockobject.patch):'
+ /usr/bin/patch --no-backup-if-mismatch -p1 --fuzz=0
patching file dbusmock/mockobject.py
+ rm -rf python-dbusmock.egg-info
+ rm -rf /builddir/build/BUILD/python3-python-dbusmock-0.11.1-5.fc25
+ cp -a . /builddir/build/BUILD/python3-python-dbusmock-0.11.1-5.fc25
+ exit 0
Executing(%build): /bin/sh -e /var/tmp/rpm-tmp.9GLKhl
+ umask 022
+ cd /builddir/build/BUILD
+ cd python-dbusmock-0.11.1
+ /usr/bin/python2 setup.py build
running build
running build_py
creating build
creating build/lib
creating build/lib/dbusmock
copying dbusmock/testcase.py -> build/lib/dbusmock
copying dbusmock/__main__.py -> build/lib/dbusmock
copying dbusmock/mockobject.py -> build/lib/dbusmock
copying dbusmock/__init__.py -> build/lib/dbusmock
creating build/lib/dbusmock/templates
copying dbusmock/templates/logind.py -> build/lib/dbusmock/templates
copying dbusmock/templates/ofono.py -> build/lib/dbusmock/templates
copying dbusmock/templates/timedated.py -> build/lib/dbusmock/templates
copying dbusmock/templates/bluez5-obex.py -> build/lib/dbusmock/templates
copying dbusmock/templates/gnome_screensaver.py -> build/lib/dbusmock/templates
copying dbusmock/templates/networkmanager.py -> build/lib/dbusmock/templates
copying dbusmock/templates/upower.py -> build/lib/dbusmock/templates
copying dbusmock/templates/polkitd.py -> build/lib/dbusmock/templates
copying dbusmock/templates/notification_daemon.py -> build/lib/dbusmock/templates
copying dbusmock/templates/bluez4.py -> build/lib/dbusmock/templates
copying dbusmock/templates/bluez5.py -> build/lib/dbusmock/templates
copying dbusmock/templates/__init__.py -> build/lib/dbusmock/templates
+ pushd /builddir/build/BUILD/python3-python-dbusmock-0.11.1-5.fc25
~/build/BUILD/python3-python-dbusmock-0.11.1-5.fc25 ~/build/BUILD/python-dbusmock-0.11.1
+ /usr/bin/python3 setup.py build
running build
running build_py
creating build
creating build/lib
creating build/lib/dbusmock
copying dbusmock/testcase.py -> build/lib/dbusmock
copying dbusmock/__main__.py -> build/lib/dbusmock
copying dbusmock/mockobject.py -> build/lib/dbusmock
copying dbusmock/__init__.py -> build/lib/dbusmock
creating build/lib/dbusmock/templates
copying dbusmock/templates/logind.py -> build/lib/dbusmock/templates
copying dbusmock/templates/ofono.py -> build/lib/dbusmock/templates
copying dbusmock/templates/timedated.py -> build/lib/dbusmock/templates
copying dbusmock/templates/bluez5-obex.py -> build/lib/dbusmock/templates
copying dbusmock/templates/gnome_screensaver.py -> build/lib/dbusmock/templates
copying dbusmock/templates/networkmanager.py -> build/lib/dbusmock/templates
copying dbusmock/templates/upower.py -> build/lib/dbusmock/templates
copying dbusmock/templates/polkitd.py -> build/lib/dbusmock/templates
copying dbusmock/templates/notification_daemon.py -> build/lib/dbusmock/templates
copying dbusmock/templates/bluez4.py -> build/lib/dbusmock/templates
copying dbusmock/templates/bluez5.py -> build/lib/dbusmock/templates
copying dbusmock/templates/__init__.py -> build/lib/dbusmock/templates
+ popd
~/build/BUILD/python-dbusmock-0.11.1
Executing(%install): /bin/sh -e /var/tmp/rpm-tmp.U9rNGo
+ exit 0
+ umask 022
+ cd /builddir/build/BUILD
+ '[' /builddir/build/BUILDROOT/python-dbusmock-0.11.1-5.fc25.noarch '!=' / ']'
+ rm -rf /builddir/build/BUILDROOT/python-dbusmock-0.11.1-5.fc25.noarch
++ dirname /builddir/build/BUILDROOT/python-dbusmock-0.11.1-5.fc25.noarch
+ mkdir -p /builddir/build/BUILDROOT
+ mkdir /builddir/build/BUILDROOT/python-dbusmock-0.11.1-5.fc25.noarch
+ cd python-dbusmock-0.11.1
+ /usr/bin/python2 setup.py install -O1 --skip-build --root=/builddir/build/BUILDROOT/python-dbusmock-0.11.1-5.fc25.noarch
running install
running install_lib
creating /builddir/build/BUILDROOT/python-dbusmock-0.11.1-5.fc25.noarch/usr
creating /builddir/build/BUILDROOT/python-dbusmock-0.11.1-5.fc25.noarch/usr/lib
creating /builddir/build/BUILDROOT/python-dbusmock-0.11.1-5.fc25.noarch/usr/lib/python2.7
creating /builddir/build/BUILDROOT/python-dbusmock-0.11.1-5.fc25.noarch/usr/lib/python2.7/site-packages
creating /builddir/build/BUILDROOT/python-dbusmock-0.11.1-5.fc25.noarch/usr/lib/python2.7/site-packages/dbusmock
creating /builddir/build/BUILDROOT/python-dbusmock-0.11.1-5.fc25.noarch/usr/lib/python2.7/site-packages/dbusmock/templates
copying build/lib/dbusmock/templates/logind.py -> /builddir/build/BUILDROOT/python-dbusmock-0.11.1-5.fc25.noarch/usr/lib/python2.7/site-packages/dbusmock/templates
copying build/lib/dbusmock/templates/ofono.py -> /builddir/build/BUILDROOT/python-dbusmock-0.11.1-5.fc25.noarch/usr/lib/python2.7/site-packages/dbusmock/templates
copying build/lib/dbusmock/templates/timedated.py -> /builddir/build/BUILDROOT/python-dbusmock-0.11.1-5.fc25.noarch/usr/lib/python2.7/site-packages/dbusmock/templates
copying build/lib/dbusmock/templates/bluez5-obex.py -> /builddir/build/BUILDROOT/python-dbusmock-0.11.1-5.fc25.noarch/usr/lib/python2.7/site-packages/dbusmock/templates
copying build/lib/dbusmock/templates/gnome_screensaver.py -> /builddir/build/BUILDROOT/python-dbusmock-0.11.1-5.fc25.noarch/usr/lib/python2.7/site-packages/dbusmock/templates
copying build/lib/dbusmock/templates/networkmanager.py -> /builddir/build/BUILDROOT/python-dbusmock-0.11.1-5.fc25.noarch/usr/lib/python2.7/site-packages/dbusmock/templates
copying build/lib/dbusmock/templates/upower.py -> /builddir/build/BUILDROOT/python-dbusmock-0.11.1-5.fc25.noarch/usr/lib/python2.7/site-packages/dbusmock/templates
copying build/lib/dbusmock/templates/polkitd.py -> /builddir/build/BUILDROOT/python-dbusmock-0.11.1-5.fc25.noarch/usr/lib/python2.7/site-packages/dbusmock/templates
copying build/lib/dbusmock/templates/notification_daemon.py -> /builddir/build/BUILDROOT/python-dbusmock-0.11.1-5.fc25.noarch/usr/lib/python2.7/site-packages/dbusmock/templates
copying build/lib/dbusmock/templates/bluez4.py -> /builddir/build/BUILDROOT/python-dbusmock-0.11.1-5.fc25.noarch/usr/lib/python2.7/site-packages/dbusmock/templates
copying build/lib/dbusmock/templates/bluez5.py -> /builddir/build/BUILDROOT/python-dbusmock-0.11.1-5.fc25.noarch/usr/lib/python2.7/site-packages/dbusmock/templates
copying build/lib/dbusmock/templates/__init__.py -> /builddir/build/BUILDROOT/python-dbusmock-0.11.1-5.fc25.noarch/usr/lib/python2.7/site-packages/dbusmock/templates
copying build/lib/dbusmock/testcase.py -> /builddir/build/BUILDROOT/python-dbusmock-0.11.1-5.fc25.noarch/usr/lib/python2.7/site-packages/dbusmock
copying build/lib/dbusmock/__main__.py -> /builddir/build/BUILDROOT/python-dbusmock-0.11.1-5.fc25.noarch/usr/lib/python2.7/site-packages/dbusmock
copying build/lib/dbusmock/mockobject.py -> /builddir/build/BUILDROOT/python-dbusmock-0.11.1-5.fc25.noarch/usr/lib/python2.7/site-packages/dbusmock
copying build/lib/dbusmock/__init__.py -> /builddir/build/BUILDROOT/python-dbusmock-0.11.1-5.fc25.noarch/usr/lib/python2.7/site-packages/dbusmock
byte-compiling /builddir/build/BUILDROOT/python-dbusmock-0.11.1-5.fc25.noarch/usr/lib/python2.7/site-packages/dbusmock/templates/logind.py to logind.pyc
byte-compiling /builddir/build/BUILDROOT/python-dbusmock-0.11.1-5.fc25.noarch/usr/lib/python2.7/site-packages/dbusmock/templates/ofono.py to ofono.pyc
byte-compiling /builddir/build/BUILDROOT/python-dbusmock-0.11.1-5.fc25.noarch/usr/lib/python2.7/site-packages/dbusmock/templates/timedated.py to timedated.pyc
byte-compiling /builddir/build/BUILDROOT/python-dbusmock-0.11.1-5.fc25.noarch/usr/lib/python2.7/site-packages/dbusmock/templates/bluez5-obex.py to bluez5-obex.pyc
byte-compiling /builddir/build/BUILDROOT/python-dbusmock-0.11.1-5.fc25.noarch/usr/lib/python2.7/site-packages/dbusmock/templates/gnome_screensaver.py to gnome_screensaver.pyc
byte-compiling /builddir/build/BUILDROOT/python-dbusmock-0.11.1-5.fc25.noarch/usr/lib/python2.7/site-packages/dbusmock/templates/networkmanager.py to networkmanager.pyc
byte-compiling /builddir/build/BUILDROOT/python-dbusmock-0.11.1-5.fc25.noarch/usr/lib/python2.7/site-packages/dbusmock/templates/upower.py to upower.pyc
byte-compiling /builddir/build/BUILDROOT/python-dbusmock-0.11.1-5.fc25.noarch/usr/lib/python2.7/site-packages/dbusmock/templates/polkitd.py to polkitd.pyc
byte-compiling /builddir/build/BUILDROOT/python-dbusmock-0.11.1-5.fc25.noarch/usr/lib/python2.7/site-packages/dbusmock/templates/notification_daemon.py to notification_daemon.pyc
byte-compiling /builddir/build/BUILDROOT/python-dbusmock-0.11.1-5.fc25.noarch/usr/lib/python2.7/site-packages/dbusmock/templates/bluez4.py to bluez4.pyc
byte-compiling /builddir/build/BUILDROOT/python-dbusmock-0.11.1-5.fc25.noarch/usr/lib/python2.7/site-packages/dbusmock/templates/bluez5.py to bluez5.pyc
byte-compiling /builddir/build/BUILDROOT/python-dbusmock-0.11.1-5.fc25.noarch/usr/lib/python2.7/site-packages/dbusmock/templates/__init__.py to __init__.pyc
byte-compiling /builddir/build/BUILDROOT/python-dbusmock-0.11.1-5.fc25.noarch/usr/lib/python2.7/site-packages/dbusmock/testcase.py to testcase.pyc
byte-compiling /builddir/build/BUILDROOT/python-dbusmock-0.11.1-5.fc25.noarch/usr/lib/python2.7/site-packages/dbusmock/__main__.py to __main__.pyc
byte-compiling /builddir/build/BUILDROOT/python-dbusmock-0.11.1-5.fc25.noarch/usr/lib/python2.7/site-packages/dbusmock/mockobject.py to mockobject.pyc
byte-compiling /builddir/build/BUILDROOT/python-dbusmock-0.11.1-5.fc25.noarch/usr/lib/python2.7/site-packages/dbusmock/__init__.py to __init__.pyc
writing byte-compilation script '/tmp/tmpodaMXw.py'
/usr/bin/python2 -O /tmp/tmpodaMXw.py
removing /tmp/tmpodaMXw.py
running install_egg_info
running egg_info
writing python_dbusmock.egg-info/PKG-INFO
writing top-level names to python_dbusmock.egg-info/top_level.txt
writing dependency_links to python_dbusmock.egg-info/dependency_links.txt
reading manifest file 'python_dbusmock.egg-info/SOURCES.txt'
reading manifest template 'MANIFEST.in'
writing manifest file 'python_dbusmock.egg-info/SOURCES.txt'
Copying python_dbusmock.egg-info to /builddir/build/BUILDROOT/python-dbusmock-0.11.1-5.fc25.noarch/usr/lib/python2.7/site-packages/python_dbusmock-0.11.1-py2.7.egg-info
running install_scripts
~/build/BUILD/python3-python-dbusmock-0.11.1-5.fc25 ~/build/BUILD/python-dbusmock-0.11.1
+ pushd /builddir/build/BUILD/python3-python-dbusmock-0.11.1-5.fc25
+ /usr/bin/python3 setup.py install -O1 --skip-build --root=/builddir/build/BUILDROOT/python-dbusmock-0.11.1-5.fc25.noarch
running install
running install_lib
creating /builddir/build/BUILDROOT/python-dbusmock-0.11.1-5.fc25.noarch/usr/lib/python3.5
creating /builddir/build/BUILDROOT/python-dbusmock-0.11.1-5.fc25.noarch/usr/lib/python3.5/site-packages
creating /builddir/build/BUILDROOT/python-dbusmock-0.11.1-5.fc25.noarch/usr/lib/python3.5/site-packages/dbusmock
creating /builddir/build/BUILDROOT/python-dbusmock-0.11.1-5.fc25.noarch/usr/lib/python3.5/site-packages/dbusmock/templates
copying build/lib/dbusmock/templates/logind.py -> /builddir/build/BUILDROOT/python-dbusmock-0.11.1-5.fc25.noarch/usr/lib/python3.5/site-packages/dbusmock/templates
copying build/lib/dbusmock/templates/ofono.py -> /builddir/build/BUILDROOT/python-dbusmock-0.11.1-5.fc25.noarch/usr/lib/python3.5/site-packages/dbusmock/templates
copying build/lib/dbusmock/templates/timedated.py -> /builddir/build/BUILDROOT/python-dbusmock-0.11.1-5.fc25.noarch/usr/lib/python3.5/site-packages/dbusmock/templates
copying build/lib/dbusmock/templates/bluez5-obex.py -> /builddir/build/BUILDROOT/python-dbusmock-0.11.1-5.fc25.noarch/usr/lib/python3.5/site-packages/dbusmock/templates
copying build/lib/dbusmock/templates/gnome_screensaver.py -> /builddir/build/BUILDROOT/python-dbusmock-0.11.1-5.fc25.noarch/usr/lib/python3.5/site-packages/dbusmock/templates
copying build/lib/dbusmock/templates/networkmanager.py -> /builddir/build/BUILDROOT/python-dbusmock-0.11.1-5.fc25.noarch/usr/lib/python3.5/site-packages/dbusmock/templates
copying build/lib/dbusmock/templates/upower.py -> /builddir/build/BUILDROOT/python-dbusmock-0.11.1-5.fc25.noarch/usr/lib/python3.5/site-packages/dbusmock/templates
copying build/lib/dbusmock/templates/polkitd.py -> /builddir/build/BUILDROOT/python-dbusmock-0.11.1-5.fc25.noarch/usr/lib/python3.5/site-packages/dbusmock/templates
copying build/lib/dbusmock/templates/notification_daemon.py -> /builddir/build/BUILDROOT/python-dbusmock-0.11.1-5.fc25.noarch/usr/lib/python3.5/site-packages/dbusmock/templates
copying build/lib/dbusmock/templates/bluez4.py -> /builddir/build/BUILDROOT/python-dbusmock-0.11.1-5.fc25.noarch/usr/lib/python3.5/site-packages/dbusmock/templates
copying build/lib/dbusmock/templates/bluez5.py -> /builddir/build/BUILDROOT/python-dbusmock-0.11.1-5.fc25.noarch/usr/lib/python3.5/site-packages/dbusmock/templates
copying build/lib/dbusmock/templates/__init__.py -> /builddir/build/BUILDROOT/python-dbusmock-0.11.1-5.fc25.noarch/usr/lib/python3.5/site-packages/dbusmock/templates
copying build/lib/dbusmock/testcase.py -> /builddir/build/BUILDROOT/python-dbusmock-0.11.1-5.fc25.noarch/usr/lib/python3.5/site-packages/dbusmock
copying build/lib/dbusmock/__main__.py -> /builddir/build/BUILDROOT/python-dbusmock-0.11.1-5.fc25.noarch/usr/lib/python3.5/site-packages/dbusmock
copying build/lib/dbusmock/mockobject.py -> /builddir/build/BUILDROOT/python-dbusmock-0.11.1-5.fc25.noarch/usr/lib/python3.5/site-packages/dbusmock
copying build/lib/dbusmock/__init__.py -> /builddir/build/BUILDROOT/python-dbusmock-0.11.1-5.fc25.noarch/usr/lib/python3.5/site-packages/dbusmock
byte-compiling /builddir/build/BUILDROOT/python-dbusmock-0.11.1-5.fc25.noarch/usr/lib/python3.5/site-packages/dbusmock/templates/logind.py to logind.cpython-35.pyc
byte-compiling /builddir/build/BUILDROOT/python-dbusmock-0.11.1-5.fc25.noarch/usr/lib/python3.5/site-packages/dbusmock/templates/ofono.py to ofono.cpython-35.pyc
byte-compiling /builddir/build/BUILDROOT/python-dbusmock-0.11.1-5.fc25.noarch/usr/lib/python3.5/site-packages/dbusmock/templates/timedated.py to timedated.cpython-35.pyc
byte-compiling /builddir/build/BUILDROOT/python-dbusmock-0.11.1-5.fc25.noarch/usr/lib/python3.5/site-packages/dbusmock/templates/bluez5-obex.py to bluez5-obex.cpython-35.pyc
byte-compiling /builddir/build/BUILDROOT/python-dbusmock-0.11.1-5.fc25.noarch/usr/lib/python3.5/site-packages/dbusmock/templates/gnome_screensaver.py to gnome_screensaver.cpython-35.pyc
byte-compiling /builddir/build/BUILDROOT/python-dbusmock-0.11.1-5.fc25.noarch/usr/lib/python3.5/site-packages/dbusmock/templates/networkmanager.py to networkmanager.cpython-35.pyc
byte-compiling /builddir/build/BUILDROOT/python-dbusmock-0.11.1-5.fc25.noarch/usr/lib/python3.5/site-packages/dbusmock/templates/upower.py to upower.cpython-35.pyc
byte-compiling /builddir/build/BUILDROOT/python-dbusmock-0.11.1-5.fc25.noarch/usr/lib/python3.5/site-packages/dbusmock/templates/polkitd.py to polkitd.cpython-35.pyc
byte-compiling /builddir/build/BUILDROOT/python-dbusmock-0.11.1-5.fc25.noarch/usr/lib/python3.5/site-packages/dbusmock/templates/notification_daemon.py to notification_daemon.cpython-35.pyc
byte-compiling /builddir/build/BUILDROOT/python-dbusmock-0.11.1-5.fc25.noarch/usr/lib/python3.5/site-packages/dbusmock/templates/bluez4.py to bluez4.cpython-35.pyc
byte-compiling /builddir/build/BUILDROOT/python-dbusmock-0.11.1-5.fc25.noarch/usr/lib/python3.5/site-packages/dbusmock/templates/bluez5.py to bluez5.cpython-35.pyc
byte-compiling /builddir/build/BUILDROOT/python-dbusmock-0.11.1-5.fc25.noarch/usr/lib/python3.5/site-packages/dbusmock/templates/__init__.py to __init__.cpython-35.pyc
byte-compiling /builddir/build/BUILDROOT/python-dbusmock-0.11.1-5.fc25.noarch/usr/lib/python3.5/site-packages/dbusmock/testcase.py to testcase.cpython-35.pyc
byte-compiling /builddir/build/BUILDROOT/python-dbusmock-0.11.1-5.fc25.noarch/usr/lib/python3.5/site-packages/dbusmock/__main__.py to __main__.cpython-35.pyc
byte-compiling /builddir/build/BUILDROOT/python-dbusmock-0.11.1-5.fc25.noarch/usr/lib/python3.5/site-packages/dbusmock/mockobject.py to mockobject.cpython-35.pyc
byte-compiling /builddir/build/BUILDROOT/python-dbusmock-0.11.1-5.fc25.noarch/usr/lib/python3.5/site-packages/dbusmock/__init__.py to __init__.cpython-35.pyc
writing byte-compilation script '/tmp/tmp25vdg01s.py'
/usr/bin/python3 -O /tmp/tmp25vdg01s.py
removing /tmp/tmp25vdg01s.py
running install_egg_info
running egg_info
writing python_dbusmock.egg-info/PKG-INFO
writing top-level names to python_dbusmock.egg-info/top_level.txt
writing dependency_links to python_dbusmock.egg-info/dependency_links.txt
reading manifest file 'python_dbusmock.egg-info/SOURCES.txt'
reading manifest template 'MANIFEST.in'
writing manifest file 'python_dbusmock.egg-info/SOURCES.txt'
Copying python_dbusmock.egg-info to /builddir/build/BUILDROOT/python-dbusmock-0.11.1-5.fc25.noarch/usr/lib/python3.5/site-packages/python_dbusmock-0.11.1-py3.5.egg-info
running install_scripts
+ popd
~/build/BUILD/python-dbusmock-0.11.1
+ /usr/lib/rpm/find-debuginfo.sh --strict-build-id -m --run-dwz --dwz-low-mem-die-limit 10000000 --dwz-max-die-limit 50000000 /builddir/build/BUILD/python-dbusmock-0.11.1
find: 'debug': No such file or directory
+ /usr/lib/rpm/check-buildroot
+ /usr/lib/rpm/brp-compress
+ /usr/lib/rpm/brp-strip-static-archive /usr/bin/strip
+ /usr/lib/rpm/brp-python-bytecompile /usr/bin/python 1
Bytecompiling .py files below /builddir/build/BUILDROOT/python-dbusmock-0.11.1-5.fc25.noarch/usr/lib/python2.7 using /usr/bin/python2.7
Bytecompiling .py files below /builddir/build/BUILDROOT/python-dbusmock-0.11.1-5.fc25.noarch/usr/lib/python3.5 using /usr/bin/python3.5
+ /usr/lib/rpm/brp-python-hardlink
+ /usr/lib/rpm/redhat/brp-java-repack-jars
Executing(%check): /bin/sh -e /var/tmp/rpm-tmp.3eGZap
+ umask 022
+ cd /builddir/build/BUILD
+ cd python-dbusmock-0.11.1
+ /usr/bin/python2 setup.py test
running test
running egg_info
writing python_dbusmock.egg-info/PKG-INFO
writing top-level names to python_dbusmock.egg-info/top_level.txt
writing dependency_links to python_dbusmock.egg-info/dependency_links.txt
reading manifest file 'python_dbusmock.egg-info/SOURCES.txt'
reading manifest template 'MANIFEST.in'
writing manifest file 'python_dbusmock.egg-info/SOURCES.txt'
running build_ext
test_add_object (test_api.TestAPI)
add a new object ... ok
test_add_object_existing (test_api.TestAPI)
try to add an existing object ... ok
test_add_object_with_methods (test_api.TestAPI)
add a new object with methods ... ok
test_array_arg (test_api.TestAPI)
array argument ... ok
test_dbus_get_log (test_api.TestAPI)
query call logs over D-BUS ... ok
test_dbus_get_method_calls (test_api.TestAPI)
query method call logs over D-BUS ... ok
test_dbus_method_called (test_api.TestAPI)
subscribe to MethodCalled signal ... ok
test_dict_arg (test_api.TestAPI)
dictionary argument ... ok
test_introspection_methods (test_api.TestAPI)
dynamically added methods appear in introspection ... ok
test_introspection_properties (test_api.TestAPI)
dynamically added properties appear in introspection ... ok
test_methods_on_other_interfaces (test_api.TestAPI)
methods on other interfaces ... ok
test_methods_same_name (test_api.TestAPI)
methods with same name on different interfaces ... ok
test_methods_type_mismatch (test_api.TestAPI)
calling methods with wrong arguments ... ok
test_noarg_noret (test_api.TestAPI)
no arguments, no return value ... ok
test_objects_map (test_api.TestAPI)
access global objects map ... ok
test_onearg_noret (test_api.TestAPI)
one argument, no return value ... ok
test_onearg_ret (test_api.TestAPI)
one argument, code for return value ... ok
test_properties (test_api.TestAPI)
add and change properties ... ok
test_reset (test_api.TestAPI)
resetting to pristine state ... ok
test_signals (test_api.TestAPI)
emitting signals ... ok
test_signals_type_mismatch (test_api.TestAPI)
emitting signals with wrong arguments ... ok
test_twoarg_ret (test_api.TestAPI)
two arguments, code for return value ... ok
test_mock_terminates_with_bus (test_api.TestCleanup)
Spawned mock processes exit when bus goes down ... ok
test_ctor (test_api.TestSubclass)
Override DBusMockObject constructor ... ok
test_none_props (test_api.TestSubclass)
object with None properties argument ... ok
test_local (test_api.TestTemplates)
Load a local template *.py file ... ok
test_local_nonexisting (test_api.TestTemplates) ... ok
test_object_manager (test_api.TestTemplates)
Template with ObjectManager API ... ok
test_reset (test_api.TestTemplates)
Reset() puts the template back to pristine state ... ok
test_static_method (test_api.TestTemplates)
Static method in a template ... ok
which: no bluez-test-adapter in (/usr/bin:/bin:/usr/sbin:/sbin:/usr/local/sbin)
which: no bluez-test-device in (/usr/bin:/bin:/usr/sbin:/sbin:/usr/local/sbin)
test_connect_disconnect (test_bluez4.TestBlueZ4) ... SKIP: bluez 4 not installed
test_no_adapters (test_bluez4.TestBlueZ4) ... SKIP: bluez 4 not installed
test_no_devices (test_bluez4.TestBlueZ4) ... SKIP: bluez 4 not installed
test_one_adapter (test_bluez4.TestBlueZ4) ... SKIP: bluez 4 not installed
test_one_device (test_bluez4.TestBlueZ4) ... SKIP: bluez 4 not installed
which: no bluetoothctl in (/usr/bin:/bin:/usr/sbin:/sbin:/usr/local/sbin)
which: no pbap-client in (/usr/bin:/bin:/usr/sbin:/sbin:/usr/local/sbin)
test_no_adapters (test_bluez5.TestBlueZ5) ... SKIP: bluetoothctl not installed
test_no_devices (test_bluez5.TestBlueZ5) ... SKIP: bluetoothctl not installed
test_one_adapter (test_bluez5.TestBlueZ5) ... SKIP: bluetoothctl not installed
test_one_device (test_bluez5.TestBlueZ5) ... SKIP: bluetoothctl not installed
test_pairing_device (test_bluez5.TestBlueZ5) ... SKIP: bluetoothctl not installed
test_everything (test_bluez5.TestBlueZObex) ... SKIP: pbap-client not installed (copy it from bluez/test)
test_help (test_cli.TestCLI) ... ok
test_no_args (test_cli.TestCLI) ... ok
test_object_manager (test_cli.TestCLI) ... ok
test_session_bus (test_cli.TestCLI) ... ok
test_system_bus (test_cli.TestCLI) ... ok
test_template_system (test_cli.TestCLI) ... ok
which: no pyflakes in (/usr/bin:/bin:/usr/sbin:/sbin:/usr/local/sbin)
which: no pep8 in (/usr/bin:/bin:/usr/sbin:/sbin:/usr/local/sbin)
test_pep8 (test_code.StaticCodeTests) ... SKIP: pep8 not installed
test_pyflakes (test_code.StaticCodeTests) ... SKIP: pyflakes not installed
test_one_active_session (test_consolekit.TestConsoleKit) ... SKIP: ck-list-sessions not installed
test_default_state (test_gnome_screensaver.TestGnomeScreensaver)
Not locked by default ... ok
test_lock (test_gnome_screensaver.TestGnomeScreensaver)
Lock() ... ok
test_set_active (test_gnome_screensaver.TestGnomeScreensaver)
SetActive() ... ok
test_empty (test_logind.TestLogind) ... FAIL
test_properties (test_logind.TestLogind) ... ok
test_session (test_logind.TestLogind) ... FAIL
which: no nmcli in (/usr/bin:/bin:/usr/sbin:/sbin:/usr/local/sbin)
test_eth_and_wifi (test_networkmanager.TestNetworkManager) ... SKIP: nmcli not installed
test_one_eth_connected (test_networkmanager.TestNetworkManager) ... SKIP: nmcli not installed
test_one_eth_disconnected (test_networkmanager.TestNetworkManager) ... SKIP: nmcli not installed
test_one_wifi_with_accesspoints (test_networkmanager.TestNetworkManager) ... SKIP: nmcli not installed
test_two_eth (test_networkmanager.TestNetworkManager) ... SKIP: nmcli not installed
test_two_wifi_with_accesspoints (test_networkmanager.TestNetworkManager) ... SKIP: nmcli not installed
test_wifi_with_connection (test_networkmanager.TestNetworkManager) ... SKIP: nmcli not installed
test_wifi_without_access_points (test_networkmanager.TestNetworkManager) ... SKIP: nmcli not installed
test_close (test_notification_daemon.TestNotificationDaemon)
CloseNotification() and NotificationClosed() signal ... SKIP: notify-send not installed
test_id (test_notification_daemon.TestNotificationDaemon)
ID handling ... SKIP: notify-send not installed
test_no_options (test_notification_daemon.TestNotificationDaemon)
notify-send with no options ... SKIP: notify-send not installed
test_options (test_notification_daemon.TestNotificationDaemon)
notify-send with some options ... SKIP: notify-send not installed
test_get_operators_for_two_modems (test_ofono.TestOfono)
Add second modem, list operators on both ... SKIP: ofono scripts not available, set $OFONO_SCRIPT_DIR
test_hangup_all (test_ofono.TestOfono)
multiple outgoing voice calls ... SKIP: ofono scripts not available, set $OFONO_SCRIPT_DIR
test_list_modems (test_ofono.TestOfono)
Manager.GetModems() ... SKIP: ofono scripts not available, set $OFONO_SCRIPT_DIR
test_list_operators (test_ofono.TestOfono)
list operators ... SKIP: ofono scripts not available, set $OFONO_SCRIPT_DIR
test_outgoing_call (test_ofono.TestOfono)
outgoing voice call ... SKIP: ofono scripts not available, set $OFONO_SCRIPT_DIR
test_second_modem (test_ofono.TestOfono)
Add a second modem ... SKIP: ofono scripts not available, set $OFONO_SCRIPT_DIR
which: no pkcheck in (/usr/bin:/bin:/usr/sbin:/sbin:/usr/local/sbin)
test_allow_unknown (test_polkitd.TestPolkit) ... SKIP: pkcheck not installed
test_default (test_polkitd.TestPolkit) ... SKIP: pkcheck not installed
test_set_allowed (test_polkitd.TestPolkit) ... SKIP: pkcheck not installed
test_changing_local_rtc (test_timedated.TestTimedated) ... ok
test_changing_ntp (test_timedated.TestTimedated) ... FAIL
test_changing_timezone (test_timedated.TestTimedated) ... FAIL
test_default_local_rtc (test_timedated.TestTimedated) ... ok
test_default_ntp (test_timedated.TestTimedated) ... FAIL
test_default_timezone (test_timedated.TestTimedated) ... FAIL
(upower:14023): libupower-glib-WARNING **: Couldn't connect to proxy: Could not connect: No such file or directory
test_09_properties (test_upower.TestUPower)
0.9 API specific properties ... SKIP: 0.9 client API specific test
test_charging_battery (test_upower.TestUPower) ... ok
test_discharging_battery (test_upower.TestUPower) ... ok
test_no_devices (test_upower.TestUPower) ... ok
test_no_display_device (test_upower.TestUPower) ... ok
test_one_ac (test_upower.TestUPower) ... ok
test_suspend (test_upower.TestUPower) ... ok
test_display_device_default (test_upower.TestUPower1) ... ok
test_enumerate (test_upower.TestUPower1) ... ok
test_no_devices (test_upower.TestUPower1) ... ok
test_properties (test_upower.TestUPower1)
1.0 API specific properties ... ok
test_setup_display_device (test_upower.TestUPower1) ... ok
======================================================================
FAIL: test_empty (test_logind.TestLogind)
----------------------------------------------------------------------
Traceback (most recent call last):
  File "/builddir/build/BUILD/python-dbusmock-0.11.1/tests/test_logind.py", line 47, in test_empty
    self.assertEqual(out, '')
AssertionError: '   SESSION        UID USER             SEAT            \n\n0 sessions listed.\n' != ''
======================================================================
FAIL: test_session (test_logind.TestLogind)
----------------------------------------------------------------------
Traceback (most recent call last):
  File "/builddir/build/BUILD/python-dbusmock-0.11.1/tests/test_logind.py", line 64, in test_session
    self.assertRegex(out, '^seat0 +$')
  File "/builddir/build/BUILD/python-dbusmock-0.11.1/dbusmock/testcase.py", line 261, in assertRegex
    raise self.failureException('%r not found in %s' % (pattern, value))
AssertionError: '^seat0 +$' not found in SEAT            
seat0           
1 seats listed.
======================================================================
FAIL: test_changing_ntp (test_timedated.TestTimedated)
----------------------------------------------------------------------
Traceback (most recent call last):
  File "/builddir/build/BUILD/python-dbusmock-0.11.1/tests/test_timedated.py", line 73, in test_changing_ntp
    self.assertRegex(out, 'NTP enabled: no')
  File "/builddir/build/BUILD/python-dbusmock-0.11.1/dbusmock/testcase.py", line 261, in assertRegex
    raise self.failureException('%r not found in %s' % (pattern, value))
AssertionError: 'NTP enabled: no' not found in       Local time: Wed 2017-07-26 16:00:47 Etc
  Universal time: Wed 2017-07-26 16:00:47 UTC
        RTC time: n/a
       Time zone: Etc/Utc (Etc, +0000)
 Network time on: no
NTP synchronized: no
 RTC in local TZ: no
======================================================================
FAIL: test_changing_timezone (test_timedated.TestTimedated)
----------------------------------------------------------------------
Traceback (most recent call last):
  File "/builddir/build/BUILD/python-dbusmock-0.11.1/tests/test_timedated.py", line 64, in test_changing_timezone
    self.assertRegex(out, 'Timezone: Africa/Johannesburg')
  File "/builddir/build/BUILD/python-dbusmock-0.11.1/dbusmock/testcase.py", line 261, in assertRegex
    raise self.failureException('%r not found in %s' % (pattern, value))
AssertionError: 'Timezone: Africa/Johannesburg' not found in       Local time: Wed 2017-07-26 18:00:48 SAST
  Universal time: Wed 2017-07-26 16:00:48 UTC
        RTC time: n/a
       Time zone: Africa/Johannesburg (SAST, +0200)
 Network time on: yes
NTP synchronized: no
 RTC in local TZ: no
======================================================================
FAIL: test_default_ntp (test_timedated.TestTimedated)
----------------------------------------------------------------------
Traceback (most recent call last):
  File "/builddir/build/BUILD/python-dbusmock-0.11.1/tests/test_timedated.py", line 68, in test_default_ntp
    self.assertRegex(out, 'NTP enabled: yes')
  File "/builddir/build/BUILD/python-dbusmock-0.11.1/dbusmock/testcase.py", line 261, in assertRegex
    raise self.failureException('%r not found in %s' % (pattern, value))
AssertionError: 'NTP enabled: yes' not found in       Local time: Wed 2017-07-26 16:00:48 Etc
  Universal time: Wed 2017-07-26 16:00:48 UTC
        RTC time: n/a
       Time zone: Etc/Utc (Etc, +0000)
 Network time on: yes
NTP synchronized: no
 RTC in local TZ: no
======================================================================
FAIL: test_default_timezone (test_timedated.TestTimedated)
----------------------------------------------------------------------
Traceback (most recent call last):
  File "/builddir/build/BUILD/python-dbusmock-0.11.1/tests/test_timedated.py", line 57, in test_default_timezone
    self.assertRegex(out, 'Timezone: Etc/Utc')
  File "/builddir/build/BUILD/python-dbusmock-0.11.1/dbusmock/testcase.py", line 261, in assertRegex
    raise self.failureException('%r not found in %s' % (pattern, value))
AssertionError: 'Timezone: Etc/Utc' not found in       Local time: Wed 2017-07-26 16:00:49 Etc
  Universal time: Wed 2017-07-26 16:00:49 UTC
        RTC time: n/a
       Time zone: Etc/Utc (Etc, +0000)
 Network time on: yes
NTP synchronized: no
 RTC in local TZ: no
----------------------------------------------------------------------
Ran 95 tests in 30.128s
FAILED (failures=6, skipped=36)
RPM build errors:
error: Bad exit status from /var/tmp/rpm-tmp.3eGZap (%check)
    Bad exit status from /var/tmp/rpm-tmp.3eGZap (%check)
Child return code was: 1
EXCEPTION: [Error()]
Traceback (most recent call last):
  File "/usr/lib/python3.5/site-packages/mockbuild/trace_decorator.py", line 89, in trace
    result = func(*args, **kw)
  File "/usr/lib/python3.5/site-packages/mockbuild/util.py", line 582, in do
    raise exception.Error("Command failed. See logs for output.\n # %s" % (command,), child.returncode)
mockbuild.exception.Error: Command failed. See logs for output.
 # bash --login -c /usr/bin/rpmbuild -bb --target noarch --nodeps /builddir/build/SPECS/python-dbusmock.spec
